<?xml version="1.0" encoding="UTF-8"?>
<!-- Generated by org.testng.reporters.JUnitXMLReporter -->
<testsuite ignored="0" hostname="Home" failures="1" tests="3" name="Extent Tests" time="0.255" errors="0" timestamp="06 Jan 2026 06:45:24 GMT">
  <testcase classname="com.app.resuse.Test_Sample" name="test1" time="0.013">
    <failure type="java.lang.AssertionError" message="expected [true] but found [false]">
      <![CDATA[java.lang.AssertionError: expected [true] but found [false]
at com.app.resuse.Test_Sample.test1(Test_Sample.java:15)
... Removed 29 stack frames]]>
    </failure>
  </testcase> <!-- test1 -->
  <testcase classname="com.app.resuse.Test_Sample" name="test2" time="0.003"/>
  <testcase classname="com.app.resuse.Test_Sample" name="test3" time="0.002"/>
</testsuite> <!-- Extent Tests -->
